\BOOKMARK [0][-]{chapter.1}{Introduction}{}% 1
\BOOKMARK [1][-]{section.1.1}{Project Context}{chapter.1}% 2
\BOOKMARK [1][-]{section.1.2}{Problem Description}{chapter.1}% 3
\BOOKMARK [1][-]{section.1.3}{Goal and Scope of this Thesis}{chapter.1}% 4
\BOOKMARK [1][-]{section.1.4}{Structure of the Document}{chapter.1}% 5
\BOOKMARK [0][-]{chapter.2}{The Ericsson Common Information Model \(ECIM\)}{}% 6
\BOOKMARK [1][-]{section.2.1}{Example Model}{chapter.2}% 7
\BOOKMARK [1][-]{section.2.2}{Concepts}{chapter.2}% 8
\BOOKMARK [2][-]{subsection.2.2.1}{Classes}{section.2.2}% 9
\BOOKMARK [2][-]{subsection.2.2.2}{Cardinalities}{section.2.2}% 10
\BOOKMARK [2][-]{subsection.2.2.3}{Attributes}{section.2.2}% 11
\BOOKMARK [2][-]{subsection.2.2.4}{Instance uniqueness}{section.2.2}% 12
\BOOKMARK [2][-]{subsection.2.2.5}{Bi-directional Associations}{section.2.2}% 13
\BOOKMARK [1][-]{section.2.3}{Configurations}{chapter.2}% 14
\BOOKMARK [1][-]{section.2.4}{Scientific Context}{chapter.2}% 15
\BOOKMARK [0][-]{chapter.3}{Constraints}{}% 16
\BOOKMARK [1][-]{section.3.1}{Example Dependencies}{chapter.3}% 17
\BOOKMARK [1][-]{section.3.2}{XPath Expression Set}{chapter.3}% 18
\BOOKMARK [1][-]{section.3.3}{Scientific Context}{chapter.3}% 19
\BOOKMARK [2][-]{subsection.3.3.1}{Constraint Satisfaction Problem \(CSP\)}{section.3.3}% 20
\BOOKMARK [0][-]{chapter.4}{Methodology}{}% 21
\BOOKMARK [1][-]{section.4.1}{General Considerations}{chapter.4}% 22
\BOOKMARK [1][-]{section.4.2}{SMT Translation of General Concepts}{chapter.4}% 23
\BOOKMARK [1][-]{section.4.3}{General Approach}{chapter.4}% 24
\BOOKMARK [1][-]{section.4.4}{Structural Characteristics}{chapter.4}% 25
\BOOKMARK [1][-]{section.4.5}{Dependencies}{chapter.4}% 26
\BOOKMARK [1][-]{section.4.6}{Unconstrained Attributes}{chapter.4}% 27
\BOOKMARK [2][-]{subsection.4.6.1}{Combinatorial Testing}{section.4.6}% 28
\BOOKMARK [1][-]{section.4.7}{Final Considerations}{chapter.4}% 29
\BOOKMARK [2][-]{subsection.4.7.1}{Theoretical Considerations}{section.4.7}% 30
\BOOKMARK [1][-]{section.4.8}{Example}{chapter.4}% 31
\BOOKMARK [0][-]{chapter.5}{Implementation}{}% 32
\BOOKMARK [1][-]{section.5.1}{Goal and Approach}{chapter.5}% 33
\BOOKMARK [1][-]{section.5.2}{Work-flow and Architecture}{chapter.5}% 34
\BOOKMARK [1][-]{section.5.3}{User Annotations}{chapter.5}% 35
\BOOKMARK [1][-]{section.5.4}{Technical Aspects}{chapter.5}% 36
\BOOKMARK [1][-]{section.5.5}{Implementation Details}{chapter.5}% 37
\BOOKMARK [0][-]{chapter.6}{Evaluation}{}% 38
\BOOKMARK [1][-]{section.6.1}{Final Comments on the Theoretical Evaluation}{chapter.6}% 39
\BOOKMARK [1][-]{section.6.2}{Metrics}{chapter.6}% 40
\BOOKMARK [1][-]{section.6.3}{Practical Evaluation}{chapter.6}% 41
\BOOKMARK [2][-]{subsection.6.3.1}{Model description}{section.6.3}% 42
\BOOKMARK [2][-]{subsection.6.3.2}{Practical Evaluation Results}{section.6.3}% 43
\BOOKMARK [1][-]{section.6.4}{Integration Evaluation}{chapter.6}% 44
\BOOKMARK [0][-]{chapter.7}{Discussion}{}% 45
\BOOKMARK [1][-]{section.7.1}{SMT Encodings}{chapter.7}% 46
\BOOKMARK [1][-]{section.7.2}{Evaluation Discussion}{chapter.7}% 47
\BOOKMARK [1][-]{section.7.3}{Impact}{chapter.7}% 48
\BOOKMARK [1][-]{section.7.4}{Future Work}{chapter.7}% 49
\BOOKMARK [0][-]{chapter.8}{Conclusion}{}% 50
\BOOKMARK [0][-]{section*.44}{References}{}% 51
\BOOKMARK [0][-]{Appendix.1.A}{Figures}{}% 52
\BOOKMARK [0][-]{Appendix.1.B}{SMT Encoding Example}{}% 53
\BOOKMARK [1][-]{section.1.B.1}{Input Script}{Appendix.1.B}% 54
\BOOKMARK [1][-]{section.1.B.2}{SMT solver plain output}{Appendix.1.B}% 55
\BOOKMARK [0][-]{Appendix.1.C}{XPath To SMT-LIB Mappings}{}% 56
\BOOKMARK [0][-]{Appendix.1.D}{Code Listings}{}% 57
\BOOKMARK [0][-]{Appendix.1.E}{Evaluation Results}{}% 58
